<?xml version="1.0" encoding="UTF-8"?>
<!-- Generated by org.testng.reporters.JUnitXMLReporter -->
<testsuite ignored="0" hostname="LAPTOP-54RPE39J" failures="0" tests="3" name=" Add Customer Test" time="1.201" errors="0" timestamp="28 Jul 2022 09:24:56 GMT">
  <testcase classname="testcases.AddCustomerTest" name="addCustomer" time="0.568"/>
  <testcase classname="testcases.AddCustomerTest" name="addCustomer" time="0.311"/>
  <testcase classname="testcases.AddCustomerTest" name="addCustomer" time="0.285"/>
</testsuite> <!--  Add Customer Test -->
