<?xml version="1.0" encoding="UTF-8"?>
<testsuite name="TestSuite" time="2.512" tests="5" errors="0" skipped="0" failures="0">
  <properties>
[...]
</properties>
  <testcase name="loginAsBankManager" classname="testcases.BankManagerLoginTest" time="1.622"/>
  <testcase name="addCustomer" classname="testcases.AddCustomerTest" time="0.459"/>
  <testcase name="addCustomer" classname="testcases.AddCustomerTest" time="0.281"/>
  <testcase name="addCustomer" classname="testcases.AddCustomerTest" time="0.286"/>
  <testcase name="openAccount" classname="testcases.OpenAccountTest" time="0.431"/>
</testsuite>