<?xml version="1.0" encoding="UTF-8"?>
<testng-results ignored="0" total="5" passed="5" failed="0" skipped="0">
  <reporter-output>
  </reporter-output>
  <suite started-at="2022-07-28T09:24:53Z" name="Data Driven Reports" finished-at="2022-07-28T09:24:57Z" duration-ms="3521">
    <groups>
    </groups>
    <test started-at="2022-07-28T09:24:53Z" name=" Bank Managaer Login Test" finished-at="2022-07-28T09:24:54Z" duration-ms="1300">
      <class name="testcases.BankManagerLoginTest">
        <test-method signature="loginAsBankManager()[pri:0, instance:testcases.BankManagerLoginTest@378bd86d]" started-at="2022-07-28T09:24:53Z" name="loginAsBankManager" finished-at="2022-07-28T09:24:54Z" duration-ms="1276" status="PASS">
          <reporter-output>
          </reporter-output>
        </test-method> <!-- loginAsBankManager -->
      </class> <!-- testcases.BankManagerLoginTest -->
    </test> <!--  Bank Managaer Login Test -->
    <test started-at="2022-07-28T09:24:55Z" name=" Add Customer Test" finished-at="2022-07-28T09:24:56Z" duration-ms="1201">
      <class name="testcases.AddCustomerTest">
        <test-method signature="addCustomer(java.lang.String, java.lang.String, java.lang.String)[pri:0, instance:testcases.AddCustomerTest@2d7e1102]" started-at="2022-07-28T09:24:55Z" name="addCustomer" data-provider="dp1" finished-at="2022-07-28T09:24:55Z" duration-ms="568" status="PASS">
          <params>
            <param index="0">
              <value>
                <![CDATA[Suvarna]]>
              </value>
            </param>
            <param index="1">
              <value>
                <![CDATA[Dighe]]>
              </value>
            </param>
            <param index="2">
              <value>
                <![CDATA[422209.0]]>
              </value>
            </param>
          </params>
          <reporter-output>
          </reporter-output>
        </test-method> <!-- addCustomer -->
        <test-method signature="addCustomer(java.lang.String, java.lang.String, java.lang.String)[pri:0, instance:testcases.AddCustomerTest@2d7e1102]" started-at="2022-07-28T09:24:55Z" name="addCustomer" data-provider="dp1" finished-at="2022-07-28T09:24:56Z" duration-ms="311" status="PASS">
          <params>
            <param index="0">
              <value>
                <![CDATA[Amol]]>
              </value>
            </param>
            <param index="1">
              <value>
                <![CDATA[Dighe]]>
              </value>
            </param>
            <param index="2">
              <value>
                <![CDATA[422209.0]]>
              </value>
            </param>
          </params>
          <reporter-output>
          </reporter-output>
        </test-method> <!-- addCustomer -->
        <test-method signature="addCustomer(java.lang.String, java.lang.String, java.lang.String)[pri:0, instance:testcases.AddCustomerTest@2d7e1102]" started-at="2022-07-28T09:24:56Z" name="addCustomer" data-provider="dp1" finished-at="2022-07-28T09:24:56Z" duration-ms="285" status="PASS">
          <params>
            <param index="0">
              <value>
                <![CDATA[Tanvi ]]>
              </value>
            </param>
            <param index="1">
              <value>
                <![CDATA[Dighe]]>
              </value>
            </param>
            <param index="2">
              <value>
                <![CDATA[422209.0]]>
              </value>
            </param>
          </params>
          <reporter-output>
          </reporter-output>
        </test-method> <!-- addCustomer -->
      </class> <!-- testcases.AddCustomerTest -->
    </test> <!--  Add Customer Test -->
    <test started-at="2022-07-28T09:24:56Z" name=" Open Account Test" finished-at="2022-07-28T09:24:57Z" duration-ms="637">
      <class name="testcases.OpenAccountTest">
        <test-method is-config="true" signature="setUp()[pri:0, instance:testcases.OpenAccountTest@6a714237]" started-at="2022-07-28T09:24:48Z" name="setUp" finished-at="2022-07-28T09:24:53Z" duration-ms="4937" status="PASS">
          <reporter-output>
          </reporter-output>
        </test-method> <!-- setUp -->
        <test-method signature="openAccount(java.lang.String, java.lang.String)[pri:0, instance:testcases.OpenAccountTest@6a714237]" started-at="2022-07-28T09:24:56Z" name="openAccount" data-provider="dp1" finished-at="2022-07-28T09:24:57Z" duration-ms="632" status="PASS">
          <params>
            <param index="0">
              <value>
                <![CDATA[Suvarna Dighe]]>
              </value>
            </param>
            <param index="1">
              <value>
                <![CDATA[Rupee]]>
              </value>
            </param>
          </params>
          <reporter-output>
          </reporter-output>
        </test-method> <!-- openAccount -->
        <test-method is-config="true" signature="tearDown()[pri:0, instance:testcases.OpenAccountTest@6a714237]" started-at="2022-07-28T09:24:57Z" name="tearDown" finished-at="2022-07-28T09:24:57Z" duration-ms="717" status="PASS">
          <reporter-output>
          </reporter-output>
        </test-method> <!-- tearDown -->
      </class> <!-- testcases.OpenAccountTest -->
    </test> <!--  Open Account Test -->
  </suite> <!-- Data Driven Reports -->
</testng-results>
