<?xml version="1.0" encoding="UTF-8"?>
<!-- Generated by org.testng.reporters.JUnitXMLReporter -->
<testsuite ignored="0" hostname="LAPTOP-54RPE39J" failures="0" tests="3" name=" Add Customer Test" time="1.047" errors="0" timestamp="30 Jul 2022 06:22:53 GMT">
  <testcase classname="testcases.AddCustomerTest" name="addCustomer" time="0.457"/>
  <testcase classname="testcases.AddCustomerTest" name="addCustomer" time="0.279"/>
  <testcase classname="testcases.AddCustomerTest" name="addCustomer" time="0.284"/>
</testsuite> <!--  Add Customer Test -->
